# JRE version: Java(TM) SE Runtime Environment (24.0.2+12) (build 24.0.2+12-54)
# Java VM: Java HotSpot(TM) 64-Bit Server VM (24.0.2+12-54, mixed mode, sharing, tiered, compressed oops, compressed class ptrs, g1 gc, windows-amd64)
GC Precious Log:
 CardTable entry size: 512
 Card Set container configuration: InlinePtr #cards 4 size 8 Array Of Cards #cards 32 size 80 Howl #buckets 8 coarsen threshold 7372 Howl Bitmap #cards 1024 size 144 coarsen threshold 921 Card regions per heap region 1 cards per card region 8192
 CPUs: 8 total, 8 available
 Memory: 24298M
 Large Page Support: Disabled
 NUMA Support: Disabled
 Compressed Oops: Enabled (Zero based)
 Heap Region Size: 4M
 Heap Min Capacity: 8M
 Heap Initial Capacity: 380M
 Heap Max Capacity: 6076M
 Pre-touch: Disabled
 Parallel Workers: 8
 Concurrent Workers: 2
 Concurrent Refinement Workers: 8
 Periodic GC: Disabled
Heap:
 garbage-first heap   total reserved 6221824K, committed 147456K, used 45200K [0x0000000684400000, 0x0000000800000000)
  region size 4096K, 5 young (20480K), 2 survivors (8192K)
 Metaspace       used 30820K, committed 31168K, reserved 1114112K
  class space    used 2797K, committed 2944K, reserved 1048576K
GC Heap History (6 events):
Event: 1.079 GC heap before
{Heap before GC invocations=0 (full 0):
 garbage-first heap   total reserved 6221824K, committed 393216K, used 50292K [0x0000000684400000, 0x0000000800000000)
  region size 4096K, 12 young (49152K), 0 survivors (0K)
 Metaspace       used 11483K, committed 11648K, reserved 1114112K
  class space    used 884K, committed 960K, reserved 1048576K
}
Event: 1.084 GC heap after
{Heap after GC invocations=1 (full 0):
 garbage-first heap   total reserved 6221824K, committed 393216K, used 11722K [0x0000000684400000, 0x0000000800000000)
  region size 4096K, 2 young (8192K), 2 survivors (8192K)
 Metaspace       used 11483K, committed 11648K, reserved 1114112K
  class space    used 884K, committed 960K, reserved 1048576K
}
Event: 2.341 GC heap before
{Heap before GC invocations=1 (full 0):
 garbage-first heap   total reserved 6221824K, committed 393216K, used 146890K [0x0000000684400000, 0x0000000800000000)
  region size 4096K, 36 young (147456K), 2 survivors (8192K)
 Metaspace       used 21290K, committed 21504K, reserved 1114112K
  class space    used 1755K, committed 1856K, reserved 1048576K
}
Event: 2.352 GC heap after
{Heap after GC invocations=2 (full 0):
 garbage-first heap   total reserved 6221824K, committed 393216K, used 28434K [0x0000000684400000, 0x0000000800000000)
  region size 4096K, 6 young (24576K), 6 survivors (24576K)
 Metaspace       used 21290K, committed 21504K, reserved 1114112K
  class space    used 1755K, committed 1856K, reserved 1048576K
}
Event: 4.892 GC heap before
{Heap before GC invocations=3 (full 0):
 garbage-first heap   total reserved 6221824K, committed 110592K, used 106258K [0x0000000684400000, 0x0000000800000000)
  region size 4096K, 25 young (102400K), 6 survivors (24576K)
 Metaspace       used 30334K, committed 30656K, reserved 1114112K
  class space    used 2751K, committed 2880K, reserved 1048576K
}
Event: 4.911 GC heap after
{Heap after GC invocations=4 (full 0):
 garbage-first heap   total reserved 6221824K, committed 147456K, used 37008K [0x0000000684400000, 0x0000000800000000)
  region size 4096K, 2 young (8192K), 2 survivors (8192K)
 Metaspace       used 30334K, committed 30656K, reserved 1114112K
  class space    used 2751K, committed 2880K, reserved 1048576K
}

